{"numTotalTestSuites":4,"numPassedTestSuites":4,"numFailedTestSuites":0,"numPendingTestSuites":0,"numTotalTests":26,"numPassedTests":26,"numFailedTests":0,"numPendingTests":0,"numTodoTests":0,"snapshot":{"added":0,"failure":false,"filesAdded":0,"filesRemoved":0,"filesRemovedList":[],"filesUnmatched":0,"filesUpdated":0,"matched":0,"total":0,"unchecked":0,"uncheckedKeysByFile":[],"unmatched":0,"updated":0,"didUpdate":false},"startTime":1788700541218,"success":true,"testResults":[{"assertionResults":[{"ancestorTitles":["sampled original rules"],"fullName":"sampled original rules 1. Rifle fire modes: snap 25%/60, aimed 80%/110, auto 35%/35","status":"passed","title":"1. Rifle fire modes: snap 25%/60, aimed 80%/110, auto 35%/35","duration":2.3117990000000077,"failureMessages":[],"meta":{},"tags":[],"benchmarks":[]},{"ancestorTitles":["sampled original rules"],"fullName":"sampled original rules 2. Pistol: snap 18%/60, aimed 30%/78; clip 12 rounds, 26 AP","status":"passed","title":"2. Pistol: snap 18%/60, aimed 30%/78; clip 12 rounds, 26 AP","duration":0.503120000000024,"failureMessages":[],"meta":{},"tags":[],"benchmarks":[]},{"ancestorTitles":["sampled original rules"],"fullName":"sampled original rules 3. Heavy Plasma: auto 35%/50, snap 30%/75, aimed 60%/110; clip 115 plasma × 35","status":"passed","title":"3. Heavy Plasma: auto 35%/50, snap 30%/75, aimed 60%/110; clip 115 plasma × 35","duration":0.4874319999999557,"failureMessages":[],"meta":{},"tags":[],"benchmarks":[]},{"ancestorTitles":["sampled original rules"],"fullName":"sampled original rules 4. Plasma Rifle 80 plasma / 28 rounds; Plasma Pistol 52 / 26","status":"passed","title":"4. Plasma Rifle 80 plasma / 28 rounds; Plasma Pistol 52 / 26","duration":0.2167039999999929,"failureMessages":[],"meta":{},"tags":[],"benchmarks":[]},{"ancestorTitles":["sampled original rules"],"fullName":"sampled original rules 5. Laser line: pistol 46, rifle 60, heavy 85, self-powered","status":"passed","title":"5. Laser line: pistol 46, rifle 60, heavy 85, self-powered","duration":0.7532120000000191,"failureMessages":[],"meta":{},"tags":[],"benchmarks":[]},{"ancestorTitles":["sampled original rules"],"fullName":"sampled original rules 6. Explosives: Grenade 50, Alien Grenade 90, High Explosive 110, Proximity 70, all HE","status":"passed","title":"6. Explosives: Grenade 50, Alien Grenade 90, High Explosive 110, Proximity 70, all HE","duration":0.4043049999999653,"failureMessages":[],"meta":{},"tags":[],"benchmarks":[]},{"ancestorTitles":["sampled original rules"],"fullName":"sampled original rules 7. Stun Rod: 65 stun, melee 30% TU, accuracy 100","status":"passed","title":"7. Stun Rod: 65 stun, melee 30% TU, accuracy 100","duration":0.16711700000001883,"failureMessages":[],"meta":{},"tags":[],"benchmarks":[]},{"ancestorTitles":["sampled original rules"],"fullName":"sampled original rules 8. Blaster Bomb 200 HE, guided launcher; Stun Bomb 90 stun","status":"passed","title":"8. Blaster Bomb 200 HE, guided launcher; Stun Bomb 90 stun","duration":0.2300599999999804,"failureMessages":[],"meta":{},"tags":[],"benchmarks":[]},{"ancestorTitles":["sampled original rules"],"fullName":"sampled original rules 9. Rockets: small 75, large 100, incendiary 90","status":"passed","title":"9. Rockets: small 75, large 100, incendiary 90","duration":0.4811189999999783,"failureMessages":[],"meta":{},"tags":[],"benchmarks":[]},{"ancestorTitles":["sampled original rules"],"fullName":"sampled original rules 10. Grenade priming costs 50% TU and throwing 25% TU","status":"passed","title":"10. Grenade priming costs 50% TU and throwing 25% TU","duration":0.17077999999997928,"failureMessages":[],"meta":{},"tags":[],"benchmarks":[]},{"ancestorTitles":["sampled original rules"],"fullName":"sampled original rules 11. Laser research chain: weapons(50) → pistol → rifle → heavy → cannon","status":"passed","title":"11. Laser research chain: weapons(50) → pistol → rifle → heavy → cannon","duration":0.5874660000000063,"failureMessages":[],"meta":{},"tags":[],"benchmarks":[]},{"ancestorTitles":["sampled original rules"],"fullName":"sampled original rules 12. Artefact-gated research needs the recovered item; psi-amp needs the psi lab; decoder needs navigation","status":"passed","title":"12. Artefact-gated research needs the recovered item; psi-amp needs the psi lab; decoder needs navigation","duration":0.18156800000002704,"failureMessages":[],"meta":{},"tags":[],"benchmarks":[]},{"ancestorTitles":["sampled original rules"],"fullName":"sampled original rules 13. Endgame chain: alien-origins → the-martian-solution → cydonia-or-bust, via live leaders/commanders","status":"passed","title":"13. Endgame chain: alien-origins → the-martian-solution → cydonia-or-bust, via live leaders/commanders","duration":0.27792299999998704,"failureMessages":[],"meta":{},"tags":[],"benchmarks":[]},{"ancestorTitles":["sampled original rules"],"fullName":"sampled original rules 14. Facility capacities and build times: quarters 50/16d, stores 50/10d, lab 50/26d, workshop 50/32d, containment 10/18d, hangar 25d","status":"passed","title":"14. Facility capacities and build times: quarters 50/16d, stores 50/10d, lab 50/26d, workshop 50/32d, containment 10/18d, hangar 25d","duration":0.17880300000001625,"failureMessages":[],"meta":{},"tags":[],"benchmarks":[]},{"ancestorTitles":["sampled original rules"],"fullName":"sampled original rules 15. Radar: small 1500 km at 10% per 30 min, large 2250 km at 20%, hyperwave 100%","status":"passed","title":"15. Radar: small 1500 km at 10% per 30 min, large 2250 km at 20%, hyperwave 100%","duration":0.11345099999999775,"failureMessages":[],"meta":{},"tags":[],"benchmarks":[]},{"ancestorTitles":["sampled original rules"],"fullName":"sampled original rules 16. Craft: Skyranger 760 kt / 14 soldiers; Interceptor 2100 kt / 2 hardpoints; Avenger 5400 kt / 26 soldiers","status":"passed","title":"16. Craft: Skyranger 760 kt / 14 soldiers; Interceptor 2100 kt / 2 hardpoints; Avenger 5400 kt / 26 soldiers","duration":1.8318970000000263,"failureMessages":[],"meta":{},"tags":[],"benchmarks":[]},{"ancestorTitles":["sampled original rules"],"fullName":"sampled original rules 17. Craft weapons: Stingray 70 dmg / 30 km / 6 shots; Avalanche 100 / 60 km / 3; Plasma Beam 140 / 52 km","status":"passed","title":"17. Craft weapons: Stingray 70 dmg / 30 km / 6 shots; Avalanche 100 / 60 km / 3; Plasma Beam 140 / 52 km","duration":0.3827779999999734,"failureMessages":[],"meta":{},"tags":[],"benchmarks":[]},{"ancestorTitles":["sampled original rules"],"fullName":"sampled original rules 18. UFOs: small scout 50 hull and unarmed; battleship 3200 hull, 148 power; terror ship 1200 hull","status":"passed","title":"18. UFOs: small scout 50 hull and unarmed; battleship 3200 hull, 148 power; terror ship 1200 hull","duration":0.14491700000002083,"failureMessages":[],"meta":{},"tags":[],"benchmarks":[]},{"ancestorTitles":["sampled original rules"],"fullName":"sampled original rules 19. Aliens: Sectoid soldier TU 54 / health 30; Muton soldier health 125; Chryssalid TU 110; Sectopod front armour 145","status":"passed","title":"19. Aliens: Sectoid soldier TU 54 / health 30; Muton soldier health 125; Chryssalid TU 110; Sectopod front armour 145","duration":0.1278509999999642,"failureMessages":[],"meta":{},"tags":[],"benchmarks":[]},{"ancestorTitles":["sampled original rules"],"fullName":"sampled original rules 20. Economy and clock: 8 soldiers / 10 scientists / 10 engineers at start; salaries 20k / 30k / 25k; compression 5s…1d","status":"passed","title":"20. Economy and clock: 8 soldiers / 10 scientists / 10 engineers at start; salaries 20k / 30k / 25k; compression 5s…1d","duration":0.3121479999999792,"failureMessages":[],"meta":{},"tags":[],"benchmarks":[]}],"startTime":1788700541672,"endTime":1788700541682.3123,"status":"passed","message":"","name":"/home/user/ufo-enemy-unknown/tests/fidelity/sample20.test.ts"},{"assertionResults":[{"ancestorTitles":["battle engine smoke"],"fullName":"battle engine smoke creates a crash-site battle with soldiers, aliens and a UFO","status":"passed","title":"creates a crash-site battle with soldiers, aliens and a UFO","duration":153.18976299999997,"failureMessages":[],"meta":{},"tags":[],"benchmarks":[]},{"ancestorTitles":["battle engine smoke"],"fullName":"battle engine smoke moves with the original TU costs and stops when TU run out","status":"passed","title":"moves with the original TU costs and stops when TU run out","duration":123.62281099999996,"failureMessages":[],"meta":{},"tags":[],"benchmarks":[]},{"ancestorTitles":["battle engine smoke"],"fullName":"battle engine smoke fires with TU percentages and resolves a full alien turn","status":"passed","title":"fires with TU percentages and resolves a full alien turn","duration":290.3753459999999,"failureMessages":[],"meta":{},"tags":[],"benchmarks":[]},{"ancestorTitles":["battle engine smoke"],"fullName":"battle engine smoke ends the mission when all aliens are dead and tallies","status":"passed","title":"ends the mission when all aliens are dead and tallies","duration":69.60274099999992,"failureMessages":[],"meta":{},"tags":[],"benchmarks":[]},{"ancestorTitles":["battle engine smoke"],"fullName":"battle engine smoke explosions damage terrain and units; grenades prime and throw; panic uses 100-2×morale","status":"passed","title":"explosions damage terrain and units; grenades prime and throw; panic uses 100-2×morale","duration":186.625589,"failureMessages":[],"meta":{},"tags":[],"benchmarks":[]},{"ancestorTitles":["battle engine smoke"],"fullName":"battle engine smoke generates every terrain set and mission type without errors","status":"passed","title":"generates every terrain set and mission type without errors","duration":512.3769239999999,"failureMessages":[],"meta":{},"tags":[],"benchmarks":[]}],"startTime":1788700541939,"endTime":1788700543283.377,"status":"passed","message":"","name":"/home/user/ufo-enemy-unknown/tests/rules/battle-smoke.test.ts"}]}